<?xml version="1.0" encoding="UTF-8"?>
<!-- Generated by org.testng.reporters.JUnitReportReporter -->
<testsuite hostname="Imran-HP" failures="0" tests="1" name="de.ecom.testfaelle.Tf06_KaufDesProduktsMitRegistriertenEMailTest" time="48.855" errors="0" timestamp="2020-05-30T20:04:19 CEST" skipped="0">
  <testcase classname="de.ecom.testfaelle.Tf06_KaufDesProduktsMitRegistriertenEMailTest" name="kaufDesProduktsMitRegistriertenEMailTest" time="48.855"/>
  <system-out/>
</testsuite> <!-- de.ecom.testfaelle.Tf06_KaufDesProduktsMitRegistriertenEMailTest -->
