<?xml version="1.0" encoding="UTF-8"?>
<!-- Generated by org.testng.reporters.JUnitReportReporter -->
<testsuite hostname="Imran-HP" failures="0" tests="1" name="de.ecom.testfaelle.SortVerificationTest" time="13.538" errors="0" timestamp="1 May 2020 13:05:56 GMT">
  <testcase classname="de.ecom.testfaelle.SortVerificationTest" name="sortVerificationTest" time="13.538"/>
</testsuite> <!-- de.ecom.testfaelle.SortVerificationTest -->
