<?xml version="1.0" encoding="UTF-8"?>
<!-- Generated by org.testng.reporters.JUnitReportReporter -->
<testsuite hostname="Imran-HP" failures="0" tests="1" name="de.ecom.testfaelle.Tf02_KostenVergleichTest" time="13.188" errors="0" timestamp="2020-05-30T20:04:19 CEST" skipped="0">
  <testcase classname="de.ecom.testfaelle.Tf02_KostenVergleichTest" name="kostenVergleichTest" time="13.188"/>
  <system-out/>
</testsuite> <!-- de.ecom.testfaelle.Tf02_KostenVergleichTest -->
